<?xml version="1.0" encoding="UTF-8"?>
<testsuite name="com.example.appengine.java8.HelloAppEngineTest" tests="2" skipped="0" failures="0" errors="0" timestamp="2021-02-19T08:28:19" hostname="DESKTOP-SVS1LV6" time="0.487">
  <properties/>
  <testcase name="helloInfoTest" classname="com.example.appengine.java8.HelloAppEngineTest" time="0.461"/>
  <testcase name="doGetWritesResponse" classname="com.example.appengine.java8.HelloAppEngineTest" time="0.025"/>
  <system-out><![CDATA[]]></system-out>
  <system-err><![CDATA[]]></system-err>
</testsuite>
